<?xml version="1.0" encoding="UTF-8"?>
<!-- Generated by org.testng.reporters.JUnitReportReporter -->
<testsuite hostname="INMAA1-L1005" name="com.javacodegeeks.testng.maven.TestNgMavenSecondClass" tests="1" failures="0" timestamp="27 Feb 2015 16:52:06 GMT" time="0.005" errors="0">
  <testcase name="oneMoreTest" time="0.005" classname="com.javacodegeeks.testng.maven.TestNgMavenSecondClass"/>
</testsuite> <!-- com.javacodegeeks.testng.maven.TestNgMavenSecondClass -->
